\BOOKMARK [1][-]{section.1}{\376\377\000I\000n\000t\000r\000o\000d\000u\000c\000t\000i\000o\000n}{}% 1
\BOOKMARK [2][-]{subsection.1.1}{\376\377\000L\000a\000b\000o\000r\000a\000t\000o\000r\000y\000\040\000O\000b\000j\000e\000c\000t\000i\000v\000e\000s}{section.1}% 2
\BOOKMARK [2][-]{subsection.1.2}{\376\377\000L\000a\000b\000o\000r\000a\000t\000o\000r\000y\000\040\000E\000n\000v\000i\000r\000o\000n\000m\000e\000n\000t\000\040\000a\000n\000d\000\040\000N\000e\000t\000w\000o\000r\000k\000\040\000T\000o\000p\000o\000l\000o\000g\000y}{section.1}% 3
\BOOKMARK [2][-]{subsection.1.3}{\376\377\000S\000y\000s\000t\000e\000m\000\040\000R\000e\000q\000u\000i\000r\000e\000m\000e\000n\000t\000s}{section.1}% 4
\BOOKMARK [2][-]{subsection.1.4}{\376\377\000L\000a\000b\000\040\000S\000t\000r\000u\000c\000t\000u\000r\000e}{section.1}% 5
\BOOKMARK [1][-]{section.2}{\376\377\000T\000h\000e\000o\000r\000e\000t\000i\000c\000a\000l\000\040\000B\000a\000c\000k\000g\000r\000o\000u\000n\000d}{}% 6
\BOOKMARK [2][-]{subsection.2.1}{\376\377\000V\000i\000r\000t\000u\000a\000l\000\040\000P\000r\000i\000v\000a\000t\000e\000\040\000N\000e\000t\000w\000o\000r\000k\000s\000\040\000\050\000V\000P\000N\000s\000\051}{section.2}% 7
\BOOKMARK [2][-]{subsection.2.2}{\376\377\000S\000o\000f\000t\000E\000t\000h\000e\000r\000\040\000V\000P\000N\000\040\000A\000r\000c\000h\000i\000t\000e\000c\000t\000u\000r\000e}{section.2}% 8
\BOOKMARK [2][-]{subsection.2.3}{\376\377\000I\000P\000S\000e\000c\000\040\000P\000r\000o\000t\000o\000c\000o\000l\000\040\000S\000u\000i\000t\000e}{section.2}% 9
\BOOKMARK [2][-]{subsection.2.4}{\376\377\000T\000L\000S\000/\000S\000S\000L\000\040\000f\000o\000r\000\040\000V\000P\000N\000\040\000I\000m\000p\000l\000e\000m\000e\000n\000t\000a\000t\000i\000o\000n}{section.2}% 10
\BOOKMARK [2][-]{subsection.2.5}{\376\377\000C\000l\000i\000e\000n\000t\000-\000S\000i\000d\000e\000\040\000V\000P\000N\000\040\000T\000e\000c\000h\000n\000o\000l\000o\000g\000i\000e\000s}{section.2}% 11
\BOOKMARK [2][-]{subsection.2.6}{\376\377\000C\000o\000m\000p\000a\000r\000a\000t\000i\000v\000e\000\040\000A\000n\000a\000l\000y\000s\000i\000s\000\040\000F\000r\000a\000m\000e\000w\000o\000r\000k}{section.2}% 12
\BOOKMARK [1][-]{section.3}{\376\377\000N\000e\000t\000w\000o\000r\000k\000\040\000T\000o\000p\000o\000l\000o\000g\000y\000\040\000a\000n\000d\000\040\000A\000r\000c\000h\000i\000t\000e\000c\000t\000u\000r\000e}{}% 13
\BOOKMARK [2][-]{subsection.3.1}{\376\377\000G\000N\000S\0003\000\040\000N\000e\000t\000w\000o\000r\000k\000\040\000S\000i\000m\000u\000l\000a\000t\000i\000o\000n\000\040\000P\000l\000a\000t\000f\000o\000r\000m}{section.3}% 14
\BOOKMARK [2][-]{subsection.3.2}{\376\377\000T\000o\000p\000o\000l\000o\000g\000y\000\040\000O\000v\000e\000r\000v\000i\000e\000w}{section.3}% 15
\BOOKMARK [2][-]{subsection.3.3}{\376\377\000I\000P\000\040\000A\000d\000d\000r\000e\000s\000s\000i\000n\000g\000\040\000S\000c\000h\000e\000m\000e}{section.3}% 16
\BOOKMARK [2][-]{subsection.3.4}{\376\377\000D\000e\000v\000i\000c\000e\000\040\000R\000o\000l\000e\000s\000\040\000a\000n\000d\000\040\000F\000u\000n\000c\000t\000i\000o\000n\000s}{section.3}% 17
\BOOKMARK [3][-]{subsubsection.3.4.1}{\376\377\000I\000S\000P\000\040\000R\000o\000u\000t\000e\000r\000\040\000\050\000R\0001\000-\000R\000o\000u\000t\000e\000r\000-\000I\000S\000P\000\051}{subsection.3.4}% 18
\BOOKMARK [3][-]{subsubsection.3.4.2}{\376\377\000S\000e\000r\000v\000e\000r\000-\000S\000i\000d\000e\000\040\000R\000o\000u\000t\000e\000r\000\040\000\050\000R\0002\000-\000R\000o\000u\000t\000e\000r\000-\000S\000e\000r\000v\000e\000r\000\051}{subsection.3.4}% 19
\BOOKMARK [3][-]{subsubsection.3.4.3}{\376\377\000C\000l\000i\000e\000n\000t\000-\000S\000i\000d\000e\000\040\000R\000o\000u\000t\000e\000r\000\040\000\050\000R\0003\000-\000R\000o\000u\000t\000e\000r\000-\000C\000l\000i\000e\000n\000t\000\051}{subsection.3.4}% 20
\BOOKMARK [3][-]{subsubsection.3.4.4}{\376\377\000S\000o\000f\000t\000E\000t\000h\000e\000r\000\040\000V\000P\000N\000\040\000S\000e\000r\000v\000e\000r\000\040\000C\000o\000n\000t\000a\000i\000n\000e\000r}{subsection.3.4}% 21
\BOOKMARK [3][-]{subsubsection.3.4.5}{\376\377\000V\000P\000N\000\040\000C\000l\000i\000e\000n\000t\000\040\000C\000o\000n\000t\000a\000i\000n\000e\000r}{subsection.3.4}% 22
\BOOKMARK [2][-]{subsection.3.5}{\376\377\000N\000e\000t\000w\000o\000r\000k\000\040\000C\000o\000m\000m\000u\000n\000i\000c\000a\000t\000i\000o\000n\000\040\000F\000l\000o\000w}{section.3}% 23
\BOOKMARK [1][-]{section.4}{\376\377\000I\000n\000i\000t\000i\000a\000l\000\040\000N\000e\000t\000w\000o\000r\000k\000\040\000C\000o\000n\000f\000i\000g\000u\000r\000a\000t\000i\000o\000n}{}% 24
\BOOKMARK [2][-]{subsection.4.1}{\376\377\000G\000N\000S\0003\000\040\000E\000n\000v\000i\000r\000o\000n\000m\000e\000n\000t\000\040\000S\000e\000t\000u\000p}{section.4}% 25
\BOOKMARK [3][-]{subsubsection.4.1.1}{\376\377\000D\000e\000v\000i\000c\000e\000\040\000I\000m\000p\000o\000r\000t\000\040\000a\000n\000d\000\040\000T\000e\000m\000p\000l\000a\000t\000e\000\040\000C\000r\000e\000a\000t\000i\000o\000n}{subsection.4.1}% 26
\BOOKMARK [2][-]{subsection.4.2}{\376\377\000C\000o\000n\000t\000a\000i\000n\000e\000r\000\040\000C\000o\000n\000f\000i\000g\000u\000r\000a\000t\000i\000o\000n}{section.4}% 27
\BOOKMARK [3][-]{subsubsection.4.2.1}{\376\377\000S\000e\000r\000v\000e\000r\000\040\000C\000o\000n\000t\000a\000i\000n\000e\000r\000\040\000C\000o\000n\000f\000i\000g\000u\000r\000a\000t\000i\000o\000n}{subsection.4.2}% 28
\BOOKMARK [3][-]{subsubsection.4.2.2}{\376\377\000C\000l\000i\000e\000n\000t\000\040\000C\000o\000n\000t\000a\000i\000n\000e\000r\000\040\000S\000e\000t\000u\000p}{subsection.4.2}% 29
\BOOKMARK [2][-]{subsection.4.3}{\376\377\000P\000r\000o\000j\000e\000c\000t\000\040\000S\000t\000a\000r\000t\000u\000p\000\040\000a\000n\000d\000\040\000D\000e\000v\000i\000c\000e\000\040\000A\000c\000c\000e\000s\000s}{section.4}% 30
\BOOKMARK [3][-]{subsubsection.4.3.1}{\376\377\000L\000a\000u\000n\000c\000h\000i\000n\000g\000\040\000t\000h\000e\000\040\000G\000N\000S\0003\000\040\000P\000r\000o\000j\000e\000c\000t}{subsection.4.3}% 31
\BOOKMARK [3][-]{subsubsection.4.3.2}{\376\377\000A\000c\000c\000e\000s\000s\000i\000n\000g\000\040\000D\000e\000v\000i\000c\000e\000\040\000T\000e\000r\000m\000i\000n\000a\000l\000s}{subsection.4.3}% 32
\BOOKMARK [2][-]{subsection.4.4}{\376\377\000R\000o\000u\000t\000e\000r\000\040\000C\000o\000n\000f\000i\000g\000u\000r\000a\000t\000i\000o\000n}{section.4}% 33
\BOOKMARK [3][-]{subsubsection.4.4.1}{\376\377\000I\000S\000P\000\040\000R\000o\000u\000t\000e\000r\000\040\000\050\000R\0001\000-\000R\000o\000u\000t\000e\000r\000-\000I\000S\000P\000\051}{subsection.4.4}% 34
\BOOKMARK [3][-]{subsubsection.4.4.2}{\376\377\000S\000e\000r\000v\000e\000r\000-\000S\000i\000d\000e\000\040\000R\000o\000u\000t\000e\000r\000\040\000\050\000R\0002\000-\000R\000o\000u\000t\000e\000r\000-\000S\000e\000r\000v\000e\000r\000\051}{subsection.4.4}% 35
\BOOKMARK [3][-]{subsubsection.4.4.3}{\376\377\000C\000l\000i\000e\000n\000t\000-\000S\000i\000d\000e\000\040\000R\000o\000u\000t\000e\000r\000\040\000\050\000R\0003\000-\000R\000o\000u\000t\000e\000r\000-\000C\000l\000i\000e\000n\000t\000\051}{subsection.4.4}% 36
\BOOKMARK [2][-]{subsection.4.5}{\376\377\000C\000o\000n\000t\000a\000i\000n\000e\000r\000\040\000N\000e\000t\000w\000o\000r\000k\000\040\000C\000o\000n\000f\000i\000g\000u\000r\000a\000t\000i\000o\000n}{section.4}% 37
\BOOKMARK [3][-]{subsubsection.4.5.1}{\376\377\000S\000e\000r\000v\000e\000r\000\040\000N\000e\000t\000w\000o\000r\000k\000\040\000C\000o\000n\000f\000i\000g\000u\000r\000a\000t\000i\000o\000n}{subsection.4.5}% 38
\BOOKMARK [3][-]{subsubsection.4.5.2}{\376\377\000C\000l\000i\000e\000n\000t\000\040\000N\000e\000t\000w\000o\000r\000k\000\040\000C\000o\000n\000f\000i\000g\000u\000r\000a\000t\000i\000o\000n}{subsection.4.5}% 39
\BOOKMARK [2][-]{subsection.4.6}{\376\377\000B\000a\000s\000i\000c\000\040\000C\000o\000n\000n\000e\000c\000t\000i\000v\000i\000t\000y\000\040\000T\000e\000s\000t\000i\000n\000g}{section.4}% 40
\BOOKMARK [3][-]{subsubsection.4.6.1}{\376\377\000I\000n\000t\000e\000r\000-\000R\000o\000u\000t\000e\000r\000\040\000C\000o\000n\000n\000e\000c\000t\000i\000v\000i\000t\000y}{subsection.4.6}% 41
\BOOKMARK [3][-]{subsubsection.4.6.2}{\376\377\000E\000n\000d\000-\000t\000o\000-\000E\000n\000d\000\040\000C\000o\000n\000n\000e\000c\000t\000i\000v\000i\000t\000y}{subsection.4.6}% 42
\BOOKMARK [3][-]{subsubsection.4.6.3}{\376\377\000S\000e\000r\000v\000i\000c\000e\000\040\000V\000e\000r\000i\000f\000i\000c\000a\000t\000i\000o\000n}{subsection.4.6}% 43
\BOOKMARK [2][-]{subsection.4.7}{\376\377\000N\000e\000t\000w\000o\000r\000k\000\040\000I\000n\000f\000r\000a\000s\000t\000r\000u\000c\000t\000u\000r\000e\000\040\000V\000e\000r\000i\000f\000i\000c\000a\000t\000i\000o\000n}{section.4}% 44
\BOOKMARK [1][-]{section.5}{\376\377\000S\000o\000f\000t\000E\000t\000h\000e\000r\000\040\000V\000P\000N\000\040\000S\000e\000r\000v\000e\000r\000\040\000C\000o\000n\000f\000i\000g\000u\000r\000a\000t\000i\000o\000n}{}% 45
\BOOKMARK [2][-]{subsection.5.1}{\376\377\000S\000e\000r\000v\000e\000r\000\040\000S\000e\000t\000u\000p\000\040\000a\000n\000d\000\040\000I\000n\000s\000t\000a\000l\000l\000a\000t\000i\000o\000n}{section.5}% 46
\BOOKMARK [3][-]{subsubsection.5.1.1}{\376\377\000C\000o\000n\000t\000a\000i\000n\000e\000r\000\040\000D\000e\000p\000l\000o\000y\000m\000e\000n\000t}{subsection.5.1}% 47
\BOOKMARK [3][-]{subsubsection.5.1.2}{\376\377\000S\000e\000r\000v\000i\000c\000e\000\040\000V\000e\000r\000i\000f\000i\000c\000a\000t\000i\000o\000n}{subsection.5.1}% 48
\BOOKMARK [2][-]{subsection.5.2}{\376\377\000C\000o\000n\000f\000i\000g\000u\000r\000a\000t\000i\000o\000n\000\040\000F\000i\000l\000e\000\040\000A\000n\000a\000l\000y\000s\000i\000s}{section.5}% 49
\BOOKMARK [3][-]{subsubsection.5.2.1}{\376\377\000C\000o\000r\000e\000\040\000S\000e\000r\000v\000e\000r\000\040\000S\000e\000t\000t\000i\000n\000g\000s}{subsection.5.2}% 50
\BOOKMARK [3][-]{subsubsection.5.2.2}{\376\377\000P\000r\000o\000t\000o\000c\000o\000l\000\040\000L\000i\000s\000t\000e\000n\000e\000r\000\040\000C\000o\000n\000f\000i\000g\000u\000r\000a\000t\000i\000o\000n}{subsection.5.2}% 51
\BOOKMARK [2][-]{subsection.5.3}{\376\377\000V\000i\000r\000t\000u\000a\000l\000\040\000H\000u\000b\000\040\000a\000n\000d\000\040\000U\000s\000e\000r\000\040\000M\000a\000n\000a\000g\000e\000m\000e\000n\000t}{section.5}% 52
\BOOKMARK [3][-]{subsubsection.5.3.1}{\376\377\000D\000e\000f\000a\000u\000l\000t\000\040\000V\000i\000r\000t\000u\000a\000l\000\040\000H\000u\000b\000\040\000C\000o\000n\000f\000i\000g\000u\000r\000a\000t\000i\000o\000n}{subsection.5.3}% 53
\BOOKMARK [3][-]{subsubsection.5.3.2}{\376\377\000U\000s\000e\000r\000\040\000A\000c\000c\000o\000u\000n\000t\000\040\000M\000a\000n\000a\000g\000e\000m\000e\000n\000t}{subsection.5.3}% 54
\BOOKMARK [2][-]{subsection.5.4}{\376\377\000I\000P\000S\000e\000c\000\040\000P\000r\000o\000t\000o\000c\000o\000l\000\040\000C\000o\000n\000f\000i\000g\000u\000r\000a\000t\000i\000o\000n}{section.5}% 55
\BOOKMARK [3][-]{subsubsection.5.4.1}{\376\377\000I\000P\000S\000e\000c\000\040\000S\000e\000t\000t\000i\000n\000g\000s}{subsection.5.4}% 56
\BOOKMARK [2][-]{subsection.5.5}{\376\377\000S\000S\000L\000/\000T\000L\000S\000\040\000P\000r\000o\000t\000o\000c\000o\000l\000\040\000C\000o\000n\000f\000i\000g\000u\000r\000a\000t\000i\000o\000n}{section.5}% 57
\BOOKMARK [3][-]{subsubsection.5.5.1}{\376\377\000T\000L\000S\000\040\000S\000e\000t\000t\000i\000n\000g\000s\000\040\000a\000n\000d\000\040\000C\000e\000r\000t\000i\000f\000i\000c\000a\000t\000e\000s}{subsection.5.5}% 58
\BOOKMARK [2][-]{subsection.5.6}{\376\377\000S\000e\000c\000u\000r\000e\000N\000A\000T\000\040\000C\000o\000n\000f\000i\000g\000u\000r\000a\000t\000i\000o\000n}{section.5}% 59
\BOOKMARK [3][-]{subsubsection.5.6.1}{\376\377\000S\000e\000r\000v\000e\000r\000\040\000C\000e\000r\000t\000i\000f\000i\000c\000a\000t\000e\000s}{subsection.5.6}% 60
\BOOKMARK [3][-]{subsubsection.5.6.2}{\376\377\000S\000e\000c\000u\000r\000i\000t\000y\000\040\000P\000o\000l\000i\000c\000i\000e\000s}{subsection.5.6}% 61
\BOOKMARK [2][-]{subsection.5.7}{\376\377\000O\000p\000e\000r\000a\000t\000i\000o\000n\000a\000l\000\040\000V\000e\000r\000i\000f\000i\000c\000a\000t\000i\000o\000n}{section.5}% 62
\BOOKMARK [1][-]{section.6}{\376\377\000I\000P\000S\000e\000c\000\040\000V\000P\000N\000\040\000C\000o\000n\000f\000i\000g\000u\000r\000a\000t\000i\000o\000n}{}% 63
\BOOKMARK [2][-]{subsection.6.1}{\376\377\000s\000t\000r\000o\000n\000g\000S\000w\000a\000n\000\040\000C\000l\000i\000e\000n\000t\000\040\000S\000e\000t\000u\000p}{section.6}% 64
\BOOKMARK [2][-]{subsection.6.2}{\376\377\000I\000P\000S\000e\000c\000\040\000C\000o\000n\000f\000i\000g\000u\000r\000a\000t\000i\000o\000n\000\040\000F\000i\000l\000e\000s}{section.6}% 65
\BOOKMARK [3][-]{subsubsection.6.2.1}{\376\377\000i\000p\000s\000e\000c\000.\000c\000o\000n\000f\000\040\000A\000n\000a\000l\000y\000s\000i\000s}{subsection.6.2}% 66
\BOOKMARK [3][-]{subsubsection.6.2.2}{\376\377\000i\000p\000s\000e\000c\000.\000s\000e\000c\000r\000e\000t\000s\000\040\000C\000o\000n\000f\000i\000g\000u\000r\000a\000t\000i\000o\000n}{subsection.6.2}% 67
\BOOKMARK [2][-]{subsection.6.3}{\376\377\000C\000o\000n\000n\000e\000c\000t\000i\000o\000n\000\040\000E\000s\000t\000a\000b\000l\000i\000s\000h\000m\000e\000n\000t}{section.6}% 68
\BOOKMARK [3][-]{subsubsection.6.3.1}{\376\377\000M\000a\000n\000u\000a\000l\000\040\000C\000o\000n\000n\000e\000c\000t\000i\000o\000n\000\040\000I\000n\000i\000t\000i\000a\000t\000i\000o\000n}{subsection.6.3}% 69
\BOOKMARK [3][-]{subsubsection.6.3.2}{\376\377\000C\000o\000n\000n\000e\000c\000t\000i\000o\000n\000\040\000V\000e\000r\000i\000f\000i\000c\000a\000t\000i\000o\000n}{subsection.6.3}% 70
\BOOKMARK [3][-]{subsubsection.6.3.3}{\376\377\000D\000e\000b\000u\000g\000\040\000a\000n\000d\000\040\000T\000r\000o\000u\000b\000l\000e\000s\000h\000o\000o\000t\000i\000n\000g}{subsection.6.3}% 71
\BOOKMARK [2][-]{subsection.6.4}{\376\377\000T\000r\000a\000f\000f\000i\000c\000\040\000A\000n\000a\000l\000y\000s\000i\000s}{section.6}% 72
\BOOKMARK [3][-]{subsubsection.6.4.1}{\376\377\000W\000i\000r\000e\000s\000h\000a\000r\000k\000\040\000P\000a\000c\000k\000e\000t\000\040\000A\000n\000a\000l\000y\000s\000i\000s}{subsection.6.4}% 73
\BOOKMARK [1][-]{section.7}{\376\377\000T\000L\000S\000/\000S\000S\000L\000\040\000V\000P\000N\000\040\000C\000o\000n\000f\000i\000g\000u\000r\000a\000t\000i\000o\000n}{}% 74
\BOOKMARK [2][-]{subsection.7.1}{\376\377\000O\000p\000e\000n\000V\000P\000N\000\040\000C\000l\000i\000e\000n\000t\000\040\000S\000e\000t\000u\000p}{section.7}% 75
\BOOKMARK [3][-]{subsubsection.7.1.1}{\376\377\000S\000o\000f\000t\000w\000a\000r\000e\000\040\000I\000n\000s\000t\000a\000l\000l\000a\000t\000i\000o\000n}{subsection.7.1}% 76
\BOOKMARK [3][-]{subsubsection.7.1.2}{\376\377\000C\000e\000r\000t\000i\000f\000i\000c\000a\000t\000e\000\040\000a\000n\000d\000\040\000K\000e\000y\000\040\000M\000a\000n\000a\000g\000e\000m\000e\000n\000t}{subsection.7.1}% 77
\BOOKMARK [2][-]{subsection.7.2}{\376\377\000C\000e\000r\000t\000i\000f\000i\000c\000a\000t\000e\000\040\000a\000n\000d\000\040\000C\000r\000e\000d\000e\000n\000t\000i\000a\000l\000\040\000M\000a\000n\000a\000g\000e\000m\000e\000n\000t}{section.7}% 78
\BOOKMARK [3][-]{subsubsection.7.2.1}{\376\377\000U\000s\000e\000r\000\040\000C\000r\000e\000d\000e\000n\000t\000i\000a\000l\000s}{subsection.7.2}% 79
\BOOKMARK [2][-]{subsection.7.3}{\376\377\000O\000p\000e\000n\000V\000P\000N\000\040\000C\000o\000n\000f\000i\000g\000u\000r\000a\000t\000i\000o\000n\000\040\000A\000n\000a\000l\000y\000s\000i\000s}{section.7}% 80
\BOOKMARK [3][-]{subsubsection.7.3.1}{\376\377\000C\000o\000m\000p\000l\000e\000t\000e\000\040\000C\000o\000n\000f\000i\000g\000u\000r\000a\000t\000i\000o\000n\000\040\000F\000i\000l\000e}{subsection.7.3}% 81
\BOOKMARK [3][-]{subsubsection.7.3.2}{\376\377\000S\000e\000c\000u\000r\000i\000t\000y\000\040\000F\000e\000a\000t\000u\000r\000e\000s}{subsection.7.3}% 82
\BOOKMARK [2][-]{subsection.7.4}{\376\377\000T\000L\000S\000\040\000H\000a\000n\000d\000s\000h\000a\000k\000e\000\040\000a\000n\000d\000\040\000C\000o\000n\000n\000e\000c\000t\000i\000o\000n}{section.7}% 83
\BOOKMARK [3][-]{subsubsection.7.4.1}{\376\377\000C\000o\000n\000n\000e\000c\000t\000i\000o\000n\000\040\000E\000s\000t\000a\000b\000l\000i\000s\000h\000m\000e\000n\000t\000\040\000P\000r\000o\000c\000e\000s\000s}{subsection.7.4}% 84
\BOOKMARK [3][-]{subsubsection.7.4.2}{\376\377\000C\000o\000n\000n\000e\000c\000t\000i\000o\000n\000\040\000V\000e\000r\000i\000f\000i\000c\000a\000t\000i\000o\000n}{subsection.7.4}% 85
\BOOKMARK [2][-]{subsection.7.5}{\376\377\000E\000n\000c\000r\000y\000p\000t\000e\000d\000\040\000T\000r\000a\000f\000f\000i\000c\000\040\000A\000n\000a\000l\000y\000s\000i\000s}{section.7}% 86
\BOOKMARK [3][-]{subsubsection.7.5.1}{\376\377\000W\000i\000r\000e\000s\000h\000a\000r\000k\000\040\000P\000a\000c\000k\000e\000t\000\040\000A\000n\000a\000l\000y\000s\000i\000s}{subsection.7.5}% 87
\BOOKMARK [3][-]{subsubsection.7.5.2}{\376\377\000C\000o\000n\000n\000e\000c\000t\000i\000o\000n\000\040\000T\000e\000r\000m\000i\000n\000a\000t\000i\000o\000n}{subsection.7.5}% 88
\BOOKMARK [1][-]{section.8}{\376\377\000C\000o\000n\000c\000l\000u\000s\000i\000o\000n}{}% 89
\BOOKMARK [2][-]{subsection.8.1}{\376\377\000M\000a\000j\000o\000r\000\040\000A\000c\000h\000i\000e\000v\000e\000m\000e\000n\000t\000s}{section.8}% 90
\BOOKMARK [2][-]{subsection.8.2}{\376\377\000L\000e\000a\000r\000n\000i\000n\000g\000\040\000O\000u\000t\000c\000o\000m\000e\000s}{section.8}% 91
\BOOKMARK [2][-]{subsection.8.3}{\376\377\000P\000r\000a\000c\000t\000i\000c\000a\000l\000\040\000I\000n\000s\000i\000g\000h\000t\000s}{section.8}% 92
